# JRE version: OpenJDK Runtime Environment Temurin-17.0.11+9 (17.0.11+9) (build 17.0.11+9)
# Java VM: OpenJDK 64-Bit Server VM Temurin-17.0.11+9 (17.0.11+9, mixed mode, tiered, compressed oops, compressed class ptrs, parallel gc, windows-amd64)
GC Precious Log:
 CPUs: 12 total, 12 available
 Memory: 5996M
 Large Page Support: Disabled
 NUMA Support: Disabled
 Compressed Oops: Enabled (32-bit)
 Alignments: Space 512K, Generation 512K, Heap 2M
 Heap Min Capacity: 100M
 Heap Initial Capacity: 100M
 Heap Max Capacity: 1G
 Pre-touch: Disabled
 Parallel Workers: 10
Heap:
 PSYoungGen      total 16896K, used 16317K [0x00000000eab00000, 0x00000000ecb80000, 0x0000000100000000)
  eden space 6656K, 91% used [0x00000000eab00000,0x00000000eb0f5188,0x00000000eb180000)
  from space 10240K, 99% used [0x00000000eb200000,0x00000000ebbfa648,0x00000000ebc00000)
  to   space 13312K, 0% used [0x00000000ebe80000,0x00000000ebe80000,0x00000000ecb80000)
 ParOldGen       total 443392K, used 411805K [0x00000000c0000000, 0x00000000db100000, 0x00000000eab00000)
  object space 443392K, 92% used [0x00000000c0000000,0x00000000d9227678,0x00000000db100000)
 Metaspace       used 79829K, committed 81152K, reserved 1179648K
  class space    used 8627K, committed 9216K, reserved 1048576K
GC Heap History (20 events):
Event: 28.197 GC heap before
{Heap before GC invocations=185 (full 15):
 PSYoungGen      total 7680K, used 7662K [0x00000000eab00000, 0x00000000eba80000, 0x0000000100000000)
  eden space 2560K, 100% used [0x00000000eab00000,0x00000000ead80000,0x00000000ead80000)
  from space 5120K, 99% used [0x00000000ead80000,0x00000000eb27b898,0x00000000eb280000)
  to   space 6656K, 0% used [0x00000000eb400000,0x00000000eb400000,0x00000000eba80000)
 ParOldGen       total 443392K, used 390572K [0x00000000c0000000, 0x00000000db100000, 0x00000000eab00000)
  object space 443392K, 88% used [0x00000000c0000000,0x00000000d7d6b2f0,0x00000000db100000)
 Metaspace       used 79672K, committed 81024K, reserved 1179648K
  class space    used 8623K, committed 9216K, reserved 1048576K
}
Event: 28.203 GC heap after
{Heap after GC invocations=185 (full 15):
 PSYoungGen      total 9216K, used 6127K [0x00000000eab00000, 0x00000000ebb00000, 0x0000000100000000)
  eden space 2560K, 0% used [0x00000000eab00000,0x00000000eab00000,0x00000000ead80000)
  from space 6656K, 92% used [0x00000000eb400000,0x00000000eb9fbdf8,0x00000000eba80000)
  to   space 6656K, 0% used [0x00000000ead80000,0x00000000ead80000,0x00000000eb400000)
 ParOldGen       total 443392K, used 392329K [0x00000000c0000000, 0x00000000db100000, 0x00000000eab00000)
  object space 443392K, 88% used [0x00000000c0000000,0x00000000d7f226d0,0x00000000db100000)
 Metaspace       used 79672K, committed 81024K, reserved 1179648K
  class space    used 8623K, committed 9216K, reserved 1048576K
}
Event: 28.256 GC heap before
{Heap before GC invocations=186 (full 15):
 PSYoungGen      total 9216K, used 8687K [0x00000000eab00000, 0x00000000ebb00000, 0x0000000100000000)
  eden space 2560K, 100% used [0x00000000eab00000,0x00000000ead80000,0x00000000ead80000)
  from space 6656K, 92% used [0x00000000eb400000,0x00000000eb9fbdf8,0x00000000eba80000)
  to   space 6656K, 0% used [0x00000000ead80000,0x00000000ead80000,0x00000000eb400000)
 ParOldGen       total 443392K, used 392329K [0x00000000c0000000, 0x00000000db100000, 0x00000000eab00000)
  object space 443392K, 88% used [0x00000000c0000000,0x00000000d7f226d0,0x00000000db100000)
 Metaspace       used 79692K, committed 81024K, reserved 1179648K
  class space    used 8623K, committed 9216K, reserved 1048576K
}
Event: 28.262 GC heap after
{Heap after GC invocations=186 (full 15):
 PSYoungGen      total 9216K, used 6642K [0x00000000eab00000, 0x00000000ec000000, 0x0000000100000000)
  eden space 2560K, 0% used [0x00000000eab00000,0x00000000eab00000,0x00000000ead80000)
  from space 6656K, 99% used [0x00000000ead80000,0x00000000eb3fcae8,0x00000000eb400000)
  to   space 9216K, 0% used [0x00000000eb700000,0x00000000eb700000,0x00000000ec000000)
 ParOldGen       total 443392K, used 394089K [0x00000000c0000000, 0x00000000db100000, 0x00000000eab00000)
  object space 443392K, 88% used [0x00000000c0000000,0x00000000d80da6d0,0x00000000db100000)
 Metaspace       used 79692K, committed 81024K, reserved 1179648K
  class space    used 8623K, committed 9216K, reserved 1048576K
}
Event: 28.294 GC heap before
{Heap before GC invocations=187 (full 15):
 PSYoungGen      total 9216K, used 9202K [0x00000000eab00000, 0x00000000ec000000, 0x0000000100000000)
  eden space 2560K, 100% used [0x00000000eab00000,0x00000000ead80000,0x00000000ead80000)
  from space 6656K, 99% used [0x00000000ead80000,0x00000000eb3fcae8,0x00000000eb400000)
  to   space 9216K, 0% used [0x00000000eb700000,0x00000000eb700000,0x00000000ec000000)
 ParOldGen       total 443392K, used 394089K [0x00000000c0000000, 0x00000000db100000, 0x00000000eab00000)
  object space 443392K, 88% used [0x00000000c0000000,0x00000000d80da6d0,0x00000000db100000)
 Metaspace       used 79692K, committed 81024K, reserved 1179648K
  class space    used 8623K, committed 9216K, reserved 1048576K
}
Event: 28.300 GC heap after
{Heap after GC invocations=187 (full 15):
 PSYoungGen      total 9728K, used 6606K [0x00000000eab00000, 0x00000000ebd80000, 0x0000000100000000)
  eden space 3072K, 0% used [0x00000000eab00000,0x00000000eab00000,0x00000000eae00000)
  from space 6656K, 99% used [0x00000000eb700000,0x00000000ebd73bd8,0x00000000ebd80000)
  to   space 7680K, 0% used [0x00000000eae80000,0x00000000eae80000,0x00000000eb600000)
 ParOldGen       total 443392K, used 395830K [0x00000000c0000000, 0x00000000db100000, 0x00000000eab00000)
  object space 443392K, 89% used [0x00000000c0000000,0x00000000d828daa8,0x00000000db100000)
 Metaspace       used 79692K, committed 81024K, reserved 1179648K
  class space    used 8623K, committed 9216K, reserved 1048576K
}
Event: 28.380 GC heap before
{Heap before GC invocations=188 (full 15):
 PSYoungGen      total 9728K, used 9678K [0x00000000eab00000, 0x00000000ebd80000, 0x0000000100000000)
  eden space 3072K, 100% used [0x00000000eab00000,0x00000000eae00000,0x00000000eae00000)
  from space 6656K, 99% used [0x00000000eb700000,0x00000000ebd73bd8,0x00000000ebd80000)
  to   space 7680K, 0% used [0x00000000eae80000,0x00000000eae80000,0x00000000eb600000)
 ParOldGen       total 443392K, used 395830K [0x00000000c0000000, 0x00000000db100000, 0x00000000eab00000)
  object space 443392K, 89% used [0x00000000c0000000,0x00000000d828daa8,0x00000000db100000)
 Metaspace       used 79692K, committed 81024K, reserved 1179648K
  class space    used 8623K, committed 9216K, reserved 1048576K
}
Event: 28.388 GC heap after
{Heap after GC invocations=188 (full 15):
 PSYoungGen      total 11264K, used 7670K [0x00000000eab00000, 0x00000000ec180000, 0x0000000100000000)
  eden space 3584K, 0% used [0x00000000eab00000,0x00000000eab00000,0x00000000eae80000)
  from space 7680K, 99% used [0x00000000eae80000,0x00000000eb5fdba8,0x00000000eb600000)
  to   space 9728K, 0% used [0x00000000eb800000,0x00000000eb800000,0x00000000ec180000)
 ParOldGen       total 443392K, used 397390K [0x00000000c0000000, 0x00000000db100000, 0x00000000eab00000)
  object space 443392K, 89% used [0x00000000c0000000,0x00000000d8413aa8,0x00000000db100000)
 Metaspace       used 79692K, committed 81024K, reserved 1179648K
  class space    used 8623K, committed 9216K, reserved 1048576K
}
Event: 28.631 GC heap before
{Heap before GC invocations=189 (full 15):
 PSYoungGen      total 11264K, used 11224K [0x00000000eab00000, 0x00000000ec180000, 0x0000000100000000)
  eden space 3584K, 99% used [0x00000000eab00000,0x00000000eae78508,0x00000000eae80000)
  from space 7680K, 99% used [0x00000000eae80000,0x00000000eb5fdba8,0x00000000eb600000)
  to   space 9728K, 0% used [0x00000000eb800000,0x00000000eb800000,0x00000000ec180000)
 ParOldGen       total 443392K, used 397390K [0x00000000c0000000, 0x00000000db100000, 0x00000000eab00000)
  object space 443392K, 89% used [0x00000000c0000000,0x00000000d8413aa8,0x00000000db100000)
 Metaspace       used 79695K, committed 81024K, reserved 1179648K
  class space    used 8623K, committed 9216K, reserved 1048576K
}
Event: 28.637 GC heap after
{Heap after GC invocations=189 (full 15):
 PSYoungGen      total 10240K, used 5839K [0x00000000eab00000, 0x00000000ebe00000, 0x0000000100000000)
  eden space 4096K, 0% used [0x00000000eab00000,0x00000000eab00000,0x00000000eaf00000)
  from space 6144K, 95% used [0x00000000eb800000,0x00000000ebdb3d20,0x00000000ebe00000)
  to   space 7168K, 0% used [0x00000000eb000000,0x00000000eb000000,0x00000000eb700000)
 ParOldGen       total 443392K, used 400736K [0x00000000c0000000, 0x00000000db100000, 0x00000000eab00000)
  object space 443392K, 90% used [0x00000000c0000000,0x00000000d8758300,0x00000000db100000)
 Metaspace       used 79695K, committed 81024K, reserved 1179648K
  class space    used 8623K, committed 9216K, reserved 1048576K
}
Event: 28.659 GC heap before
{Heap before GC invocations=190 (full 15):
 PSYoungGen      total 10240K, used 9935K [0x00000000eab00000, 0x00000000ebe00000, 0x0000000100000000)
  eden space 4096K, 100% used [0x00000000eab00000,0x00000000eaf00000,0x00000000eaf00000)
  from space 6144K, 95% used [0x00000000eb800000,0x00000000ebdb3d20,0x00000000ebe00000)
  to   space 7168K, 0% used [0x00000000eb000000,0x00000000eb000000,0x00000000eb700000)
 ParOldGen       total 443392K, used 400736K [0x00000000c0000000, 0x00000000db100000, 0x00000000eab00000)
  object space 443392K, 90% used [0x00000000c0000000,0x00000000d8758300,0x00000000db100000)
 Metaspace       used 79705K, committed 81024K, reserved 1179648K
  class space    used 8624K, committed 9216K, reserved 1048576K
}
Event: 28.664 GC heap after
{Heap after GC invocations=190 (full 15):
 PSYoungGen      total 11776K, used 7155K [0x00000000eab00000, 0x00000000ebe80000, 0x0000000100000000)
  eden space 4608K, 0% used [0x00000000eab00000,0x00000000eab00000,0x00000000eaf80000)
  from space 7168K, 99% used [0x00000000eb000000,0x00000000eb6fccd0,0x00000000eb700000)
  to   space 7680K, 0% used [0x00000000eb700000,0x00000000eb700000,0x00000000ebe80000)
 ParOldGen       total 443392K, used 400784K [0x00000000c0000000, 0x00000000db100000, 0x00000000eab00000)
  object space 443392K, 90% used [0x00000000c0000000,0x00000000d8764300,0x00000000db100000)
 Metaspace       used 79705K, committed 81024K, reserved 1179648K
  class space    used 8624K, committed 9216K, reserved 1048576K
}
Event: 28.667 GC heap before
{Heap before GC invocations=191 (full 15):
 PSYoungGen      total 11776K, used 11763K [0x00000000eab00000, 0x00000000ebe80000, 0x0000000100000000)
  eden space 4608K, 100% used [0x00000000eab00000,0x00000000eaf80000,0x00000000eaf80000)
  from space 7168K, 99% used [0x00000000eb000000,0x00000000eb6fccd0,0x00000000eb700000)
  to   space 7680K, 0% used [0x00000000eb700000,0x00000000eb700000,0x00000000ebe80000)
 ParOldGen       total 443392K, used 400784K [0x00000000c0000000, 0x00000000db100000, 0x00000000eab00000)
  object space 443392K, 90% used [0x00000000c0000000,0x00000000d8764300,0x00000000db100000)
 Metaspace       used 79705K, committed 81024K, reserved 1179648K
  class space    used 8624K, committed 9216K, reserved 1048576K
}
Event: 28.674 GC heap after
{Heap after GC invocations=191 (full 15):
 PSYoungGen      total 12288K, used 6757K [0x00000000eab00000, 0x00000000ebe00000, 0x0000000100000000)
  eden space 5120K, 0% used [0x00000000eab00000,0x00000000eab00000,0x00000000eb000000)
  from space 7168K, 94% used [0x00000000eb700000,0x00000000ebd994b8,0x00000000ebe00000)
  to   space 7168K, 0% used [0x00000000eb000000,0x00000000eb000000,0x00000000eb700000)
 ParOldGen       total 443392K, used 402809K [0x00000000c0000000, 0x00000000db100000, 0x00000000eab00000)
  object space 443392K, 90% used [0x00000000c0000000,0x00000000d895e4e8,0x00000000db100000)
 Metaspace       used 79705K, committed 81024K, reserved 1179648K
  class space    used 8624K, committed 9216K, reserved 1048576K
}
Event: 28.683 GC heap before
{Heap before GC invocations=192 (full 15):
 PSYoungGen      total 12288K, used 11877K [0x00000000eab00000, 0x00000000ebe00000, 0x0000000100000000)
  eden space 5120K, 100% used [0x00000000eab00000,0x00000000eb000000,0x00000000eb000000)
  from space 7168K, 94% used [0x00000000eb700000,0x00000000ebd994b8,0x00000000ebe00000)
  to   space 7168K, 0% used [0x00000000eb000000,0x00000000eb000000,0x00000000eb700000)
 ParOldGen       total 443392K, used 402809K [0x00000000c0000000, 0x00000000db100000, 0x00000000eab00000)
  object space 443392K, 90% used [0x00000000c0000000,0x00000000d895e4e8,0x00000000db100000)
 Metaspace       used 79708K, committed 81024K, reserved 1179648K
  class space    used 8625K, committed 9216K, reserved 1048576K
}
Event: 28.689 GC heap after
{Heap after GC invocations=192 (full 15):
 PSYoungGen      total 12288K, used 7158K [0x00000000eab00000, 0x00000000ec880000, 0x0000000100000000)
  eden space 5120K, 0% used [0x00000000eab00000,0x00000000eab00000,0x00000000eb000000)
  from space 7168K, 99% used [0x00000000eb000000,0x00000000eb6fda20,0x00000000eb700000)
  to   space 12288K, 0% used [0x00000000ebc80000,0x00000000ebc80000,0x00000000ec880000)
 ParOldGen       total 443392K, used 406961K [0x00000000c0000000, 0x00000000db100000, 0x00000000eab00000)
  object space 443392K, 91% used [0x00000000c0000000,0x00000000d8d6c4e8,0x00000000db100000)
 Metaspace       used 79708K, committed 81024K, reserved 1179648K
  class space    used 8625K, committed 9216K, reserved 1048576K
}
Event: 28.703 GC heap before
{Heap before GC invocations=193 (full 15):
 PSYoungGen      total 12288K, used 12278K [0x00000000eab00000, 0x00000000ec880000, 0x0000000100000000)
  eden space 5120K, 100% used [0x00000000eab00000,0x00000000eb000000,0x00000000eb000000)
  from space 7168K, 99% used [0x00000000eb000000,0x00000000eb6fda20,0x00000000eb700000)
  to   space 12288K, 0% used [0x00000000ebc80000,0x00000000ebc80000,0x00000000ec880000)
 ParOldGen       total 443392K, used 406961K [0x00000000c0000000, 0x00000000db100000, 0x00000000eab00000)
  object space 443392K, 91% used [0x00000000c0000000,0x00000000d8d6c4e8,0x00000000db100000)
 Metaspace       used 79732K, committed 81024K, reserved 1179648K
  class space    used 8625K, committed 9216K, reserved 1048576K
}
Event: 28.710 GC heap after
{Heap after GC invocations=193 (full 15):
 PSYoungGen      total 15360K, used 9518K [0x00000000eab00000, 0x00000000ec600000, 0x0000000100000000)
  eden space 5632K, 0% used [0x00000000eab00000,0x00000000eab00000,0x00000000eb080000)
  from space 9728K, 97% used [0x00000000ebc80000,0x00000000ec5cbb48,0x00000000ec600000)
  to   space 10240K, 0% used [0x00000000eb200000,0x00000000eb200000,0x00000000ebc00000)
 ParOldGen       total 443392K, used 409393K [0x00000000c0000000, 0x00000000db100000, 0x00000000eab00000)
  object space 443392K, 92% used [0x00000000c0000000,0x00000000d8fcc4e8,0x00000000db100000)
 Metaspace       used 79732K, committed 81024K, reserved 1179648K
  class space    used 8625K, committed 9216K, reserved 1048576K
}
Event: 28.723 GC heap before
{Heap before GC invocations=194 (full 15):
 PSYoungGen      total 15360K, used 15150K [0x00000000eab00000, 0x00000000ec600000, 0x0000000100000000)
  eden space 5632K, 100% used [0x00000000eab00000,0x00000000eb080000,0x00000000eb080000)
  from space 9728K, 97% used [0x00000000ebc80000,0x00000000ec5cbb48,0x00000000ec600000)
  to   space 10240K, 0% used [0x00000000eb200000,0x00000000eb200000,0x00000000ebc00000)
 ParOldGen       total 443392K, used 409393K [0x00000000c0000000, 0x00000000db100000, 0x00000000eab00000)
  object space 443392K, 92% used [0x00000000c0000000,0x00000000d8fcc4e8,0x00000000db100000)
 Metaspace       used 79732K, committed 81024K, reserved 1179648K
  class space    used 8625K, committed 9216K, reserved 1048576K
}
Event: 28.729 GC heap after
{Heap after GC invocations=194 (full 15):
 PSYoungGen      total 16896K, used 10217K [0x00000000eab00000, 0x00000000ecb80000, 0x0000000100000000)
  eden space 6656K, 0% used [0x00000000eab00000,0x00000000eab00000,0x00000000eb180000)
  from space 10240K, 99% used [0x00000000eb200000,0x00000000ebbfa648,0x00000000ebc00000)
  to   space 13312K, 0% used [0x00000000ebe80000,0x00000000ebe80000,0x00000000ecb80000)
 ParOldGen       total 443392K, used 411805K [0x00000000c0000000, 0x00000000db100000, 0x00000000eab00000)
  object space 443392K, 92% used [0x00000000c0000000,0x00000000d9227678,0x00000000db100000)
 Metaspace       used 79732K, committed 81024K, reserved 1179648K
  class space    used 8625K, committed 9216K, reserved 1048576K
}

